#
# There is insufficient memory for the Java Runtime Environment to continue.
# Native memory allocation (malloc) failed to allocate 131088 bytes for Chunk::new
# Possible reasons:
#   The system is out of physical RAM or swap space
#   In 32 bit mode, the process size limit was hit
# Possible solutions:
#   Reduce memory load on the system
#   Increase physical memory or swap space
#   Check if swap backing store is full
#   Use 64 bit Java on a 64 bit OS
#   Decrease Java heap size (-Xmx/-Xms)
#   Decrease number of Java threads
#   Decrease Java thread stack sizes (-Xss)
#   Set larger code cache with -XX:ReservedCodeCacheSize=
# This output file may be truncated or incomplete.
#
#  Out of Memory Error (allocation.cpp:390), pid=6872, tid=8968
#
# JRE version: Java(TM) SE Runtime Environment (8.0_25-b18) (build 1.8.0_25-b18)
# Java VM: Java HotSpot(TM) 64-Bit Server VM (25.25-b02 mixed mode windows-amd64 compressed oops)
# Failed to write core dump. Minidumps are not enabled by default on client versions of Windows
#

---------------  T H R E A D  ---------------

Current thread (0x00000000550eb000):  JavaThread "C2 CompilerThread0" daemon [_thread_in_native, id=8968, stack(0x0000000056d30000,0x0000000056e30000)]

Stack: [0x0000000056d30000,0x0000000056e30000]
Native frames: (J=compiled Java code, j=interpreted, Vv=VM code, C=native code)
V  [jvm.dll+0x31667a]


Current CompileTask:
C2:  31781 1939 %     4       com.android.dx.ssa.SsaConverter::placePhiFunctions @ 103 (394 bytes)


---------------  P R O C E S S  ---------------

Java Threads: ( => current thread )
  0x00000000564a3800 JavaThread "Service Thread" daemon [_thread_blocked, id=7000, stack(0x0000000056e80000,0x0000000056f80000)]
  0x0000000056424800 JavaThread "C1 CompilerThread2" daemon [_thread_blocked, id=5444, stack(0x0000000056fe0000,0x00000000570e0000)]
  0x00000000550ef800 JavaThread "C2 CompilerThread1" daemon [_thread_in_native, id=8116, stack(0x0000000056b50000,0x0000000056c50000)]
=>0x00000000550eb000 JavaThread "C2 CompilerThread0" daemon [_thread_in_native, id=8968, stack(0x0000000056d30000,0x0000000056e30000)]
  0x000000005641a800 JavaThread "Attach Listener" daemon [_thread_blocked, id=5848, stack(0x0000000056a50000,0x0000000056b50000)]
  0x00000000550dd000 JavaThread "Signal Dispatcher" daemon [_thread_blocked, id=7340, stack(0x00000000568c0000,0x00000000569c0000)]
  0x0000000055084800 JavaThread "Finalizer" daemon [_thread_blocked, id=4824, stack(0x0000000056310000,0x0000000056410000)]
  0x000000005507b800 JavaThread "Reference Handler" daemon [_thread_blocked, id=5200, stack(0x0000000056010000,0x0000000056110000)]
  0x0000000002398000 JavaThread "main" [_thread_in_Java, id=1132, stack(0x0000000002630000,0x0000000002730000)]

Other Threads:
  0x0000000055076000 VMThread [stack: 0x0000000056110000,0x0000000056210000] [id=2892]
  0x00000000564ab000 WatcherThread [stack: 0x0000000057240000,0x0000000057340000] [id=4872]

VM state:not at safepoint (normal execution)

VM Mutex/Monitor currently owned by a thread: None

Heap:
 PSYoungGen      total 118272K, used 23436K [0x00000000eab00000, 0x00000000f9200000, 0x0000000100000000)
  eden space 96768K, 1% used [0x00000000eab00000,0x00000000eace3450,0x00000000f0980000)
  from space 21504K, 99% used [0x00000000f7d00000,0x00000000f91ffe88,0x00000000f9200000)
  to   space 13312K, 0% used [0x00000000f0980000,0x00000000f0980000,0x00000000f1680000)
 ParOldGen       total 65536K, used 37997K [0x00000000c0000000, 0x00000000c4000000, 0x00000000eab00000)
  object space 65536K, 57% used [0x00000000c0000000,0x00000000c251b7a8,0x00000000c4000000)
 Metaspace       used 6051K, capacity 7152K, committed 7296K, reserved 1056768K
  class space    used 573K, capacity 616K, committed 640K, reserved 1048576K

Card table byte_map: [0x0000000011af0000,0x0000000011d00000] byte_map_base: 0x00000000114f0000

Marking Bits: (ParMarkBitMap*) 0x000000005db8d490
 Begin Bits: [0x00000000124f0000, 0x00000000134f0000)
 End Bits:   [0x00000000134f0000, 0x00000000144f0000)

Polling page: 0x0000000000240000

CodeCache: size=245760Kb used=8311Kb max_used=8311Kb free=237448Kb
 bounds [0x0000000002730000, 0x0000000002f60000, 0x0000000011730000]
 total_blobs=2110 nmethods=1848 adapters=176
 compilation: enabled

Compilation events (10 events):
Event: 30.025 Thread 0x0000000056424800 1952       2       com.android.dx.cf.attrib.AttSourceFile::byteLength (3 bytes)
Event: 30.025 Thread 0x0000000056424800 nmethod 1952 0x0000000002f376d0 code [0x0000000002f37820, 0x0000000002f37970]
Event: 30.025 Thread 0x0000000056424800 1953   !   2       com.android.dx.dex.cf.CfTranslator::translate (44 bytes)
Event: 30.026 Thread 0x0000000056424800 nmethod 1953 0x0000000002f36ed0 code [0x0000000002f37080, 0x0000000002f37408]
Event: 30.041 Thread 0x0000000056424800 1954       3       java.lang.String::lastIndexOf (151 bytes)
Event: 30.042 Thread 0x0000000056424800 nmethod 1954 0x0000000002f36350 code [0x0000000002f36500, 0x0000000002f36a50]
Event: 30.044 Thread 0x0000000056424800 1955       2       com.android.dx.cf.direct.DirectClassFile::isGoodVersion (38 bytes)
Event: 31.777 Thread 0x0000000056424800 nmethod 1955 0x0000000002f35fd0 code [0x0000000002f36120, 0x0000000002f362d0]
Event: 31.777 Thread 0x0000000056424800 1956       2       com.android.dx.cf.cst.ConstantPoolParser::<init> (41 bytes)
Event: 31.777 Thread 0x0000000056424800 nmethod 1956 0x0000000002f35890 code [0x0000000002f35a00, 0x0000000002f35d78]

GC Heap History (10 events):
Event: 21.123 GC heap before
{Heap before GC invocations=4 (full 0):
 PSYoungGen      total 28672K, used 28667K [0x00000000eab00000, 0x00000000ee300000, 0x0000000100000000)
  eden space 24576K, 100% used [0x00000000eab00000,0x00000000ec300000,0x00000000ec300000)
  from space 4096K, 99% used [0x00000000ec300000,0x00000000ec6fed48,0x00000000ec700000)
  to   space 4096K, 0% used [0x00000000edf00000,0x00000000edf00000,0x00000000ee300000)
 ParOldGen       total 65536K, used 8120K [0x00000000c0000000, 0x00000000c4000000, 0x00000000eab00000)
  object space 65536K, 12% used [0x00000000c0000000,0x00000000c07ee340,0x00000000c4000000)
 Metaspace       used 5940K, capacity 7088K, committed 7296K, reserved 1056768K
  class space    used 573K, capacity 616K, committed 640K, reserved 1048576K
Event: 21.854 GC heap after
Heap after GC invocations=4 (full 0):
 PSYoungGen      total 53248K, used 4075K [0x00000000eab00000, 0x00000000ee300000, 0x0000000100000000)
  eden space 49152K, 0% used [0x00000000eab00000,0x00000000eab00000,0x00000000edb00000)
  from space 4096K, 99% used [0x00000000edf00000,0x00000000ee2fad38,0x00000000ee300000)
  to   space 4096K, 0% used [0x00000000edb00000,0x00000000edb00000,0x00000000edf00000)
 ParOldGen       total 65536K, used 11717K [0x00000000c0000000, 0x00000000c4000000, 0x00000000eab00000)
  object space 65536K, 17% used [0x00000000c0000000,0x00000000c0b71630,0x00000000c4000000)
 Metaspace       used 5940K, capacity 7088K, committed 7296K, reserved 1056768K
  class space    used 573K, capacity 616K, committed 640K, reserved 1048576K
}
Event: 23.407 GC heap before
{Heap before GC invocations=5 (full 0):
 PSYoungGen      total 53248K, used 53227K [0x00000000eab00000, 0x00000000ee300000, 0x0000000100000000)
  eden space 49152K, 100% used [0x00000000eab00000,0x00000000edb00000,0x00000000edb00000)
  from space 4096K, 99% used [0x00000000edf00000,0x00000000ee2fad38,0x00000000ee300000)
  to   space 4096K, 0% used [0x00000000edb00000,0x00000000edb00000,0x00000000edf00000)
 ParOldGen       total 65536K, used 11717K [0x00000000c0000000, 0x00000000c4000000, 0x00000000eab00000)
  object space 65536K, 17% used [0x00000000c0000000,0x00000000c0b71630,0x00000000c4000000)
 Metaspace       used 5980K, capacity 7088K, committed 7296K, reserved 1056768K
  class space    used 573K, capacity 616K, committed 640K, reserved 1048576K
Event: 24.277 GC heap after
Heap after GC invocations=5 (full 0):
 PSYoungGen      total 53248K, used 4067K [0x00000000eab00000, 0x00000000f2200000, 0x0000000100000000)
  eden space 49152K, 0% used [0x00000000eab00000,0x00000000eab00000,0x00000000edb00000)
  from space 4096K, 99% used [0x00000000edb00000,0x00000000edef8da0,0x00000000edf00000)
  to   space 11776K, 0% used [0x00000000f1680000,0x00000000f1680000,0x00000000f2200000)
 ParOldGen       total 65536K, used 19314K [0x00000000c0000000, 0x00000000c4000000, 0x00000000eab00000)
  object space 65536K, 29% used [0x00000000c0000000,0x00000000c12dc998,0x00000000c4000000)
 Metaspace       used 5980K, capacity 7088K, committed 7296K, reserved 1056768K
  class space    used 573K, capacity 616K, committed 640K, reserved 1048576K
}
Event: 24.819 GC heap before
{Heap before GC invocations=6 (full 0):
 PSYoungGen      total 53248K, used 53219K [0x00000000eab00000, 0x00000000f2200000, 0x0000000100000000)
  eden space 49152K, 100% used [0x00000000eab00000,0x00000000edb00000,0x00000000edb00000)
  from space 4096K, 99% used [0x00000000edb00000,0x00000000edef8da0,0x00000000edf00000)
  to   space 11776K, 0% used [0x00000000f1680000,0x00000000f1680000,0x00000000f2200000)
 ParOldGen       total 65536K, used 19314K [0x00000000c0000000, 0x00000000c4000000, 0x00000000eab00000)
  object space 65536K, 29% used [0x00000000c0000000,0x00000000c12dc998,0x00000000c4000000)
 Metaspace       used 6001K, capacity 7152K, committed 7296K, reserved 1056768K
  class space    used 573K, capacity 616K, committed 640K, reserved 1048576K
Event: 25.624 GC heap after
Heap after GC invocations=6 (full 0):
 PSYoungGen      total 108544K, used 11711K [0x00000000eab00000, 0x00000000f2500000, 0x0000000100000000)
  eden space 96768K, 0% used [0x00000000eab00000,0x00000000eab00000,0x00000000f0980000)
  from space 11776K, 99% used [0x00000000f1680000,0x00000000f21eff88,0x00000000f2200000)
  to   space 13312K, 0% used [0x00000000f0980000,0x00000000f0980000,0x00000000f1680000)
 ParOldGen       total 65536K, used 19314K [0x00000000c0000000, 0x00000000c4000000, 0x00000000eab00000)
  object space 65536K, 29% used [0x00000000c0000000,0x00000000c12dc998,0x00000000c4000000)
 Metaspace       used 6001K, capacity 7152K, committed 7296K, reserved 1056768K
  class space    used 573K, capacity 616K, committed 640K, reserved 1048576K
}
Event: 27.603 GC heap before
{Heap before GC invocations=7 (full 0):
 PSYoungGen      total 108544K, used 108479K [0x00000000eab00000, 0x00000000f2500000, 0x0000000100000000)
  eden space 96768K, 100% used [0x00000000eab00000,0x00000000f0980000,0x00000000f0980000)
  from space 11776K, 99% used [0x00000000f1680000,0x00000000f21eff88,0x00000000f2200000)
  to   space 13312K, 0% used [0x00000000f0980000,0x00000000f0980000,0x00000000f1680000)
 ParOldGen       total 65536K, used 19314K [0x00000000c0000000, 0x00000000c4000000, 0x00000000eab00000)
  object space 65536K, 29% used [0x00000000c0000000,0x00000000c12dc998,0x00000000c4000000)
 Metaspace       used 6033K, capacity 7152K, committed 7296K, reserved 1056768K
  class space    used 573K, capacity 616K, committed 640K, reserved 1048576K
Event: 29.349 GC heap after
Heap after GC invocations=7 (full 0):
 PSYoungGen      total 110080K, used 13284K [0x00000000eab00000, 0x00000000f9200000, 0x0000000100000000)
  eden space 96768K, 0% used [0x00000000eab00000,0x00000000eab00000,0x00000000f0980000)
  from space 13312K, 99% used [0x00000000f0980000,0x00000000f1679168,0x00000000f1680000)
  to   space 21504K, 0% used [0x00000000f7d00000,0x00000000f7d00000,0x00000000f9200000)
 ParOldGen       total 65536K, used 32392K [0x00000000c0000000, 0x00000000c4000000, 0x00000000eab00000)
  object space 65536K, 49% used [0x00000000c0000000,0x00000000c1fa2038,0x00000000c4000000)
 Metaspace       used 6033K, capacity 7152K, committed 7296K, reserved 1056768K
  class space    used 573K, capacity 616K, committed 640K, reserved 1048576K
}
Event: 30.044 GC heap before
{Heap before GC invocations=8 (full 0):
 PSYoungGen      total 110080K, used 110052K [0x00000000eab00000, 0x00000000f9200000, 0x0000000100000000)
  eden space 96768K, 100% used [0x00000000eab00000,0x00000000f0980000,0x00000000f0980000)
  from space 13312K, 99% used [0x00000000f0980000,0x00000000f1679168,0x00000000f1680000)
  to   space 21504K, 0% used [0x00000000f7d00000,0x00000000f7d00000,0x00000000f9200000)
 ParOldGen       total 65536K, used 32392K [0x00000000c0000000, 0x00000000c4000000, 0x00000000eab00000)
  object space 65536K, 49% used [0x00000000c0000000,0x00000000c1fa2038,0x00000000c4000000)
 Metaspace       used 6051K, capacity 7152K, committed 7296K, reserved 1056768K
  class space    used 573K, capacity 616K, committed 640K, reserved 1048576K
Event: 31.777 GC heap after
Heap after GC invocations=8 (full 0):
 PSYoungGen      total 118272K, used 21503K [0x00000000eab00000, 0x00000000f9200000, 0x0000000100000000)
  eden space 96768K, 0% used [0x00000000eab00000,0x00000000eab00000,0x00000000f0980000)
  from space 21504K, 99% used [0x00000000f7d00000,0x00000000f91ffe88,0x00000000f9200000)
  to   space 13312K, 0% used [0x00000000f0980000,0x00000000f0980000,0x00000000f1680000)
 ParOldGen       total 65536K, used 37997K [0x00000000c0000000, 0x00000000c4000000, 0x00000000eab00000)
  object space 65536K, 57% used [0x00000000c0000000,0x00000000c251b7a8,0x00000000c4000000)
 Metaspace       used 6051K, capacity 7152K, committed 7296K, reserved 1056768K
  class space    used 573K, capacity 616K, committed 640K, reserved 1048576K
}

Deoptimization events (10 events):
Event: 20.803 Thread 0x0000000002398000 Uncommon trap: reason=unreached action=reinterpret pc=0x0000000002d0c0cc method=java.util.HashMap.getNode(ILjava/lang/Object;)Ljava/util/HashMap$Node; @ 84
Event: 20.866 Thread 0x0000000002398000 Uncommon trap: reason=uninitialized action=reinterpret pc=0x0000000002d3c590 method=com.android.dx.cf.code.BytecodeArray.parseInstruction(ILcom/android/dx/cf/code/BytecodeArray$Visitor;)I @ 1095
Event: 20.898 Thread 0x0000000002398000 Uncommon trap: reason=unreached action=reinterpret pc=0x0000000002cbf180 method=com.android.dx.ssa.LocalVariableExtractor.processBlock(I)V @ 251
Event: 22.445 Thread 0x0000000002398000 Uncommon trap: reason=unreached action=reinterpret pc=0x0000000002db20d4 method=java.util.HashMap.putVal(ILjava/lang/Object;Ljava/lang/Object;ZZ)Ljava/lang/Object; @ 109
Event: 22.453 Thread 0x0000000002398000 Uncommon trap: reason=unreached action=reinterpret pc=0x0000000002d9ea0c method=java.util.HashMap.putVal(ILjava/lang/Object;Ljava/lang/Object;ZZ)Ljava/lang/Object; @ 109
Event: 22.948 Thread 0x0000000002398000 Uncommon trap: reason=bimorphic action=maybe_recompile pc=0x0000000002d6d69c method=com.android.dx.ssa.LiteralOpUpgrader.tryReplacingWithConstant(Lcom/android/dx/ssa/NormalSsaInsn;)Z @ 62
Event: 22.952 Thread 0x0000000002398000 Uncommon trap: reason=bimorphic action=maybe_recompile pc=0x0000000002d6d69c method=com.android.dx.ssa.LiteralOpUpgrader.tryReplacingWithConstant(Lcom/android/dx/ssa/NormalSsaInsn;)Z @ 62
Event: 23.014 Thread 0x0000000002398000 Uncommon trap: reason=unreached action=reinterpret pc=0x0000000002d63d84 method=com.android.dx.ssa.MoveParamCombiner$1.visitNonMoveInsn(Lcom/android/dx/ssa/NormalSsaInsn;)V @ 27
Event: 24.527 Thread 0x0000000002398000 Uncommon trap: reason=unreached action=reinterpret pc=0x0000000002d607e4 method=com.android.dx.rop.code.LocalItem.compareHandlesNulls(Lcom/android/dx/rop/cst/CstString;Lcom/android/dx/rop/cst/CstString;)I @ 14
Event: 26.901 Thread 0x0000000002398000 Uncommon trap: reason=bimorphic action=maybe_recompile pc=0x0000000002e34de8 method=com.android.dx.rop.code.RegisterSpec.getFrameType()Lcom/android/dx/rop/type/TypeBearer; @ 4

Internal exceptions (6 events):
Event: 0.066 Thread 0x0000000002398000 Exception <a 'java/lang/NoSuchMethodError': Method sun.misc.Unsafe.defineClass(Ljava/lang/String;[BII)Ljava/lang/Class; name or signature does not match> (0x00000000eab12168) thrown at [D:\re\workspace\8-2-build-windows-amd64-cygwin\jdk8u25\1677\hotspot\srŒ!ú@Í°?
Event: 0.066 Thread 0x0000000002398000 Exception <a 'java/lang/NoSuchMethodError': Method sun.misc.Unsafe.prefetchRead(Ljava/lang/Object;J)V name or signature does not match> (0x00000000eab123f8) thrown at [D:\re\workspace\8-2-build-windows-amd64-cygwin\jdk8u25\1677\hotspot\src\share\vm\prims\jvwkÈÏ"4@
Event: 20.136 Thread 0x0000000002398000 Exception <a 'java/lang/ArrayIndexOutOfBoundsException': 18> (0x00000000ebeab738) thrown at [D:\re\workspace\8-2-build-windows-amd64-cygwin\jdk8u25\1677\hotspot\src\share\vm\interpreter\interpreterRuntime.cpp, line 366]
Event: 20.262 Thread 0x0000000002398000 Exception <a 'java/lang/ArrayIndexOutOfBoundsException': 145> (0x00000000ead4e008) thrown at [D:\re\workspace\8-2-build-windows-amd64-cygwin\jdk8u25\1677\hotspot\src\share\vm\interpreter\interpreterRuntime.cpp, line 366]
Event: 20.785 Thread 0x0000000002398000 Exception <a 'java/lang/ArrayIndexOutOfBoundsException'> (0x00000000ead4f220) thrown at [D:\re\workspace\8-2-build-windows-amd64-cygwin\jdk8u25\1677\hotspot\src\share\vm\runtime\sharedRuntime.cpp, line 604]
Event: 24.527 Thread 0x0000000002398000 Implicit null exception at 0x0000000002d5f637 to 0x0000000002d607c5

Events (10 events):
Event: 27.603 Executing VM operation: ParallelGCFailedAllocation
Event: 29.349 Executing VM operation: ParallelGCFailedAllocation done
Event: 29.913 Thread 0x0000000002398000 DEOPT PACKING pc=0x0000000002b64b98 sp=0x000000000272e300
Event: 29.913 Thread 0x0000000002398000 DEOPT UNPACKING pc=0x00000000027775bf sp=0x000000000272e130 mode 0
Event: 29.971 Thread 0x0000000002398000 DEOPT PACKING pc=0x0000000002b64b98 sp=0x000000000272e300
Event: 29.971 Thread 0x0000000002398000 DEOPT UNPACKING pc=0x00000000027775bf sp=0x000000000272e130 mode 0
Event: 30.041 Thread 0x0000000002398000 DEOPT PACKING pc=0x0000000002d8ab68 sp=0x000000000272eaa0
Event: 30.041 Thread 0x0000000002398000 DEOPT UNPACKING pc=0x00000000027775bf sp=0x000000000272e768 mode 0
Event: 30.044 Executing VM operation: ParallelGCFailedAllocation
Event: 31.777 Executing VM operation: ParallelGCFailedAllocation done


Dynamic libraries:
0x000000013f9f0000 - 0x000000013fa24000 	G:\Jdk8\bin\java.exe
0x0000000076e60000 - 0x0000000077009000 	C:\Windows\SYSTEM32\ntdll.dll
0x00000000769b0000 - 0x0000000076ad0000 	C:\Windows\system32\kernel32.dll
0x000007fefd310000 - 0x000007fefd37c000 	C:\Windows\system32\KERNELBASE.dll
0x000007fefd7c0000 - 0x000007fefd89b000 	C:\Windows\system32\ADVAPI32.dll
0x000007fefecd0000 - 0x000007fefed6f000 	C:\Windows\system32\msvcrt.dll
0x000007fefd7a0000 - 0x000007fefd7bf000 	C:\Windows\SYSTEM32\sechost.dll
0x000007fefeb80000 - 0x000007fefecad000 	C:\Windows\system32\RPCRT4.dll
0x0000000076d60000 - 0x0000000076e5a000 	C:\Windows\system32\USER32.dll
0x000007fefd9a0000 - 0x000007fefda07000 	C:\Windows\system32\GDI32.dll
0x000007fefe7a0000 - 0x000007fefe7ae000 	C:\Windows\system32\LPK.dll
0x000007fefd500000 - 0x000007fefd5c9000 	C:\Windows\system32\USP10.dll
0x000007fefba90000 - 0x000007fefbc84000 	C:\Windows\WinSxS\amd64_microsoft.windows.common-controls_6595b64144ccf1df_6.0.7601.18837_none_fa3b1e3d17594757\COMCTL32.dll
0x000007fefea70000 - 0x000007fefeae1000 	C:\Windows\system32\SHLWAPI.dll
0x000007fefef30000 - 0x000007fefef5e000 	C:\Windows\system32\IMM32.DLL
0x000007fefd690000 - 0x000007fefd799000 	C:\Windows\system32\MSCTF.dll
0x00000000591d0000 - 0x00000000592a2000 	G:\Jdk8\jre\bin\msvcr100.dll
0x000000005d3b0000 - 0x000000005dc0a000 	G:\Jdk8\jre\bin\server\jvm.dll
0x000007fef9d40000 - 0x000007fef9d49000 	C:\Windows\system32\WSOCK32.dll
0x000007fefd5d0000 - 0x000007fefd61d000 	C:\Windows\system32\WS2_32.dll
0x000007fefd680000 - 0x000007fefd688000 	C:\Windows\system32\NSI.dll
0x000007fefd140000 - 0x000007fefd17b000 	C:\Windows\system32\WINMM.dll
0x0000000077030000 - 0x0000000077037000 	C:\Windows\system32\PSAPI.DLL
0x00000000663e0000 - 0x00000000663ef000 	G:\Jdk8\jre\bin\verify.dll
0x000000005eff0000 - 0x000000005f018000 	G:\Jdk8\jre\bin\java.dll
0x000000005efd0000 - 0x000000005efe6000 	G:\Jdk8\jre\bin\zip.dll
0x000007fefda10000 - 0x000007fefe799000 	C:\Windows\system32\SHELL32.dll
0x000007fefef60000 - 0x000007feff163000 	C:\Windows\system32\ole32.dll
0x000007fefd090000 - 0x000007fefd09f000 	C:\Windows\system32\profapi.dll

VM Arguments:
jvm_args: -Xmx1024M -Xss1m -Djava.ext.dirs=G:\AndroidSDK\build-tools\21.1.2\lib 
java_command: G:\AndroidSDK\build-tools\21.1.2\lib\dx.jar --dex --output L:\STUDY-backup\Udacity\alexandria\app\build\intermediates\pre-dexed\debug\classes-83bd56dc3e08625b57c287a59a6b3abfcb607002.jar L:\STUDY-backup\Udacity\alexandria\app\build\intermediates\exploded-aar\com.android.support\support-v4\23.0.1\classes.jar
java_class_path (initial): G:\AndroidSDK\build-tools\21.1.2\lib\dx.jar
Launcher Type: SUN_STANDARD

Environment Variables:
JAVA_HOME=G:\Jdk8
CLASSPATH=G:\Jdk8\lib\dt.jar;G:\Jdk8\lib\tools.jar;.;C:\Program Files (x86)\Java\jre1.6.0_24\lib\ext\QTJava.zip
PATH=C:\ProgramData\Oracle\Java\javapath;C:\Windows\system32;C:\Windows;C:\Windows\System32\Wbem;C:\Windows\System32\WindowsPowerShell\v1.0\;C:\Program Files\Intel\WiFi\bin\;C:\Program Files\Common Files\Intel\WirelessCommon\;C:\Program Files (x86)\Microsoft ASP.NET\ASP.NET Web Pages\v1.0\;J:\SAS HOME\Secure;J:\SAS HOME\x86\Secure;C:\Program Files (x86)\Microsoft SQL Server\100\Tools\Binn\;C:\Program Files\Microsoft SQL Server\100\Tools\Binn\;C:\Program Files\Microsoft SQL Server\100\DTS\Binn\;C:\Program Files (x86)\Microsoft SQL Server\100\Tools\Binn\VSShell\Common7\IDE\;C:\Program Files (x86)\Microsoft SQL Server\100\DTS\Binn\;C:\Program Files (x86)\Microsoft Visual Studio 9.0\Common7\IDE\PrivateAssemblies\;G:\QuickTime\QTSystem\;G:\Tortoise\;G:\ApacheMaven\apache-maven-3.2.5\bin;G:\Jdk8\bin;G:\Jdk8\jre\bin;G:\NodeJs\;G:\Cloud SDK\google-cloud-sdk\bin;C:\Program Files\Microsoft\Web Platform Installer\;C:\Program Files\Intel\WiFi\bin\;C:\Program Files\Common Files\Intel\WirelessCommon\;G:\Jdk8/bin;C:\Users\James Yang\AppData\Roaming\npm
USERNAME=James Yang
OS=Windows_NT
PROCESSOR_IDENTIFIER=Intel64 Family 6 Model 42 Stepping 7, GenuineIntel



---------------  S Y S T E M  ---------------

OS: Windows 7 , 64 bit Build 7601 Service Pack 1

CPU:total 4 (2 cores per cpu, 2 threads per core) family 6 model 42 stepping 7, cmov, cx8, fxsr, mmx, sse, sse2, sse3, ssse3, sse4.1, sse4.2, popcnt, avx, clmul, ht, tsc, tscinvbit

Memory: 4k page, physical 6203568k(717220k free), swap 8460220k(5088k free)

vm_info: Java HotSpot(TM) 64-Bit Server VM (25.25-b02) for windows-amd64 JRE (1.8.0_25-b18), built on Oct  7 2014 14:25:37 by "java_re" with MS VC++ 10.0 (VS2010)

time: Sun Nov 29 14:32:10 2015
elapsed time: 31 seconds (0d 0h 0m 31s)

